{
  "RSpec": {
    "coverage": {
      "/home/inventive-controller-7060/tic-tac-toe-rb-ruby-apply-000/lib/tic_tac_toe.rb": [
        null,
        1,
        null,
        null,
        null,
        null,
        null,
        null,
        null,
        null,
        null,
        1,
        null,
        7,
        7,
        7,
        7,
        7,
        null,
        null,
        1,
        6,
        6,
        null,
        null,
        1,
        5,
        5,
        null,
        null,
        1,
        8,
        5,
        null,
        3,
        null,
        null,
        null,
        1,
        6,
        4,
        3,
        null,
        1,
        null,
        null,
        2,
        null,
        null,
        null,
        1,
        2,
        3,
        3,
        3,
        3,
        3,
        2,
        2,
        null,
        null,
        null,
        null,
        1,
        8,
        8,
        72,
        5,
        null,
        null,
        8,
        null,
        null,
        1,
        4,
        4,
        null,
        0,
        null,
        null,
        null,
        1,
        20,
        143,
        143,
        143,
        null,
        143,
        143,
        143,
        null,
        143,
        9,
        134,
        1,
        null,
        null,
        10,
        null,
        null,
        1,
        52,
        null,
        null,
        1,
        7,
        3,
        4,
        2,
        2,
        2,
        null,
        null,
        null,
        1,
        3,
        2,
        null,
        1,
        null,
        null,
        null,
        1,
        3,
        3,
        null,
        3,
        1,
        null,
        2,
        1,
        1,
        1,
        null,
        null,
        null,
        null,
        null,
        null,
        null,
        null,
        null,
        null,
        null
      ]
    },
    "timestamp": 1598538769
  }
}
